<?xml version="1.0" encoding="UTF-8"?>
<!-- Generated by org.testng.reporters.JUnitXMLReporter -->
<testsuite ignored="3" hostname="DESKTOP-HB8TIK4" failures="0" tests="1" name="TestSuiteAmazon2" time="38.71" errors="0" timestamp="2023-02-15T18:37:13 IST">
  <testcase classname="testNG.TestNGclass" name="verifyURLofCartPage" time="0.02"/>
  <testcase classname="testNG.TestNGclass" name="verifyTitleOfCartPage" time="0.0">
    <ignored/>
  </testcase> <!-- verifyTitleOfCartPage -->
  <testcase classname="testNG.TestNGclass" name="verifyItemAddedToCart" time="0.0">
    <ignored/>
  </testcase> <!-- verifyItemAddedToCart -->
  <testcase classname="testNG.TestNGclass" name="verifyItemGettingDeletedFromCart" time="0.0">
    <ignored/>
  </testcase> <!-- verifyItemGettingDeletedFromCart -->
</testsuite> <!-- TestSuiteAmazon2 -->
